Build started 12/7/2013 1:58:19 PM.
     1>Project "C:\Users\TARDIS\Documents\Visual Studio 2012\Projects\OpenGL3\OpenGL3\OpenGL3.vcxproj" on node 2 (Build target(s)).
     1>ClCompile:
         C:\Program Files (x86)\Microsoft Visual Studio 11.0\VC\bin\CL.exe /c /I"C:\SFML\SFML-2.1\include" /I"C:\Users\TARDIS\Downloads\glew-1.10.0-win32\glew-1.10.0\include" /ZI /nologo /W3 /WX- /Od /Oy- /D WIN32 /D _DEBUG /D _CONSOLE /D _UNICODE /D UNICODE /Gm /EHsc /RTC1 /MDd /GS /fp:precise /Zc:wchar_t /Zc:forScope /Fo"Debug\\" /Fd"Debug\vc110.pdb" /Gd /TP /analyze- /errorReport:prompt main.cpp
         main.cpp
     1>c:\users\tardis\documents\visual studio 2012\projects\opengl3\opengl3\main.cpp(247): warning C4018: '<' : signed/unsigned mismatch
     1>c:\users\tardis\documents\visual studio 2012\projects\opengl3\opengl3\main.cpp(262): warning C4018: '<' : signed/unsigned mismatch
     1>c:\users\tardis\documents\visual studio 2012\projects\opengl3\opengl3\main.cpp(272): warning C4018: '<' : signed/unsigned mismatch
     1>c:\users\tardis\documents\visual studio 2012\projects\opengl3\opengl3\main.cpp(282): warning C4018: '<' : signed/unsigned mismatch
     1>c:\users\tardis\documents\visual studio 2012\projects\opengl3\opengl3\main.cpp(292): warning C4258: 'i' : definition from the for loop is ignored; the definition from the enclosing scope is used
                 c:\users\tardis\documents\visual studio 2012\projects\opengl3\opengl3\main.cpp(272) : definition of 'i' ignored
                 c:\users\tardis\documents\visual studio 2012\projects\opengl3\opengl3\main.cpp(262) : definition of 'i' used
     1>c:\users\tardis\documents\visual studio 2012\projects\opengl3\opengl3\main.cpp(293): warning C4258: 'i' : definition from the for loop is ignored; the definition from the enclosing scope is used
                 c:\users\tardis\documents\visual studio 2012\projects\opengl3\opengl3\main.cpp(272) : definition of 'i' ignored
                 c:\users\tardis\documents\visual studio 2012\projects\opengl3\opengl3\main.cpp(262) : definition of 'i' used
     1>c:\users\tardis\documents\visual studio 2012\projects\opengl3\opengl3\main.cpp(294): warning C4258: 'i' : definition from the for loop is ignored; the definition from the enclosing scope is used
                 c:\users\tardis\documents\visual studio 2012\projects\opengl3\opengl3\main.cpp(272) : definition of 'i' ignored
                 c:\users\tardis\documents\visual studio 2012\projects\opengl3\opengl3\main.cpp(262) : definition of 'i' used
     1>c:\users\tardis\documents\visual studio 2012\projects\opengl3\opengl3\main.cpp(295): warning C4258: 'i' : definition from the for loop is ignored; the definition from the enclosing scope is used
                 c:\users\tardis\documents\visual studio 2012\projects\opengl3\opengl3\main.cpp(272) : definition of 'i' ignored
                 c:\users\tardis\documents\visual studio 2012\projects\opengl3\opengl3\main.cpp(262) : definition of 'i' used
     1>c:\users\tardis\documents\visual studio 2012\projects\opengl3\opengl3\main.cpp(297): warning C4258: 'i' : definition from the for loop is ignored; the definition from the enclosing scope is used
                 c:\users\tardis\documents\visual studio 2012\projects\opengl3\opengl3\main.cpp(272) : definition of 'i' ignored
                 c:\users\tardis\documents\visual studio 2012\projects\opengl3\opengl3\main.cpp(262) : definition of 'i' used
     1>c:\users\tardis\documents\visual studio 2012\projects\opengl3\opengl3\main.cpp(320): warning C4305: 'argument' : truncation from 'double' to 'float'
     1>c:\users\tardis\documents\visual studio 2012\projects\opengl3\opengl3\main.cpp(323): warning C4018: '<' : signed/unsigned mismatch
     1>c:\users\tardis\documents\visual studio 2012\projects\opengl3\opengl3\main.cpp(327): warning C4244: 'argument' : conversion from 'int' to 'float', possible loss of data
     1>c:\users\tardis\documents\visual studio 2012\projects\opengl3\opengl3\main.cpp(328): warning C4244: 'argument' : conversion from 'int' to 'float', possible loss of data
     1>c:\users\tardis\documents\visual studio 2012\projects\opengl3\opengl3\main.cpp(331): warning C4018: '<' : signed/unsigned mismatch
     1>c:\users\tardis\documents\visual studio 2012\projects\opengl3\opengl3\main.cpp(334): warning C4305: 'argument' : truncation from 'double' to 'float'
     1>c:\users\tardis\documents\visual studio 2012\projects\opengl3\opengl3\main.cpp(336): warning C4806: '^' : unsafe operation: no value of type 'bool' promoted to type 'int' can equal the given constant
     1>c:\users\tardis\documents\visual studio 2012\projects\opengl3\opengl3\main.cpp(336): warning C4554: '^' : check operator precedence for possible error; use parentheses to clarify precedence
     1>c:\users\tardis\documents\visual studio 2012\projects\opengl3\opengl3\main.cpp(361): warning C4018: '<' : signed/unsigned mismatch
     1>c:\users\tardis\documents\visual studio 2012\projects\opengl3\opengl3\main.cpp(367): warning C4305: 'argument' : truncation from 'double' to 'float'
     1>c:\users\tardis\documents\visual studio 2012\projects\opengl3\opengl3\main.cpp(389): warning C4018: '<' : signed/unsigned mismatch
     1>c:\users\tardis\documents\visual studio 2012\projects\opengl3\opengl3\main.cpp(412): warning C4305: '=' : truncation from 'double' to 'float'
     1>c:\users\tardis\documents\visual studio 2012\projects\opengl3\opengl3\main.cpp(413): warning C4305: '=' : truncation from 'double' to 'float'
     1>c:\users\tardis\documents\visual studio 2012\projects\opengl3\opengl3\main.cpp(416): warning C4305: 'argument' : truncation from 'double' to 'float'
     1>c:\users\tardis\documents\visual studio 2012\projects\opengl3\opengl3\main.cpp(421): warning C4305: '=' : truncation from 'double' to 'float'
     1>c:\users\tardis\documents\visual studio 2012\projects\opengl3\opengl3\main.cpp(422): warning C4305: '=' : truncation from 'double' to 'float'
     1>c:\users\tardis\documents\visual studio 2012\projects\opengl3\opengl3\main.cpp(425): warning C4305: 'argument' : truncation from 'double' to 'float'
     1>c:\users\tardis\documents\visual studio 2012\projects\opengl3\opengl3\main.cpp(490): warning C4244: '=' : conversion from 'float' to 'clock_t', possible loss of data
     1>c:\users\tardis\documents\visual studio 2012\projects\opengl3\opengl3\main.cpp(508): warning C4244: 'argument' : conversion from 'int' to 'float', possible loss of data
       Link:
         C:\Program Files (x86)\Microsoft Visual Studio 11.0\VC\bin\link.exe /ERRORREPORT:PROMPT /OUT:"C:\Users\TARDIS\Documents\Visual Studio 2012\Projects\OpenGL3\Debug\OpenGL.exe" /INCREMENTAL /NOLOGO /LIBPATH:"C:\SFML\SFML-2.1\lib" "sfml-network-d.lib" "sfml-audio-d.lib" "sfml-main-d.lib" "sfml-graphics-d.lib" "sfml-window-d.lib" "sfml-system-d.lib" kernel32.lib user32.lib gdi32.lib winspool.lib comdlg32.lib advapi32.lib shell32.lib ole32.lib oleaut32.lib uuid.lib odbc32.lib odbccp32.lib kernel32.lib user32.lib gdi32.lib winspool.lib comdlg32.lib advapi32.lib shell32.lib ole32.lib oleaut32.lib uuid.lib odbc32.lib odbccp32.lib /MANIFEST /MANIFESTUAC:"level='asInvoker' uiAccess='false'" /manifest:embed /DEBUG /PDB:"C:\Users\TARDIS\Documents\Visual Studio 2012\Projects\OpenGL3\Debug\OpenGL.pdb" /SUBSYSTEM:CONSOLE /TLBID:1 /DYNAMICBASE /NXCOMPAT /IMPLIB:"C:\Users\TARDIS\Documents\Visual Studio 2012\Projects\OpenGL3\Debug\OpenGL.lib" /MACHINE:X86 Debug\main.obj
         OpenGL3.vcxproj -> C:\Users\TARDIS\Documents\Visual Studio 2012\Projects\OpenGL3\Debug\OpenGL.exe
     1>Done Building Project "C:\Users\TARDIS\Documents\Visual Studio 2012\Projects\OpenGL3\OpenGL3\OpenGL3.vcxproj" (Build target(s)).

Build succeeded.

Time Elapsed 00:00:01.05
